<?xml version="1.0" encoding="UTF-8"?>
<TestRun id="cd13d7f4-4226-4c9e-b07a-647d10c7634e" name="seedm@DESKTOP-L3A0BED 2023-04-05T23:59:09.545Z" runUser="seedm" xmlns="http://microsoft.com/schemas/VisualStudio/TeamTest/2010">
  <TestSettings name="Jest test run" id="7c233438-09f7-450b-91e2-d431b34e7a53"/>
  <Times creation="2023-04-05T23:59:09.545Z" queuing="2023-04-05T23:59:09.545Z" start="2023-04-05T23:59:09.545Z" finish="2023-04-05T23:59:09.545Z"/>
  <ResultSummary outcome="Passed">
    <Counters total="20" executed="20" passed="20" failed="0" error="0"/>
  </ResultSummary>
  <TestDefinitions>
    <UnitTest name="testing / render the ABOUT THE APP title" id="e7991d1e-4d79-4a7b-8957-aab77a8233ae" storage="src\App.test.js">
      <Execution id="9da75a46-0020-4089-a9cf-7618c27258f9"/>
      <TestMethod codeBase="src\App.test.js" name="testing / render the ABOUT THE APP title" className="testing"/>
    </UnitTest>
    <UnitTest name="testing / render the ABOUT THE APP title" id="5769c3cf-ef8f-45f5-8d51-0e2eb68a3778" storage="src\App.test.js">
      <Execution id="d65cfb08-8968-4212-bdbb-85222a941d1b"/>
      <TestMethod codeBase="src\App.test.js" name="testing / render the ABOUT THE APP title" className="testing"/>
    </UnitTest>
    <UnitTest name="testing / render the ABOUT THE APP title" id="02d3b2c6-e98e-4481-abf2-a6eadea9bfea" storage="src\App.test.js">
      <Execution id="08c650f7-8012-40b1-9da4-694a1ac84ffc"/>
      <TestMethod codeBase="src\App.test.js" name="testing / render the ABOUT THE APP title" className="testing"/>
    </UnitTest>
    <UnitTest name="testing / render text in our story" id="0ab04993-f4d6-45d7-93a2-f2e266c3a3b1" storage="src\App.test.js">
      <Execution id="a7d805f2-f972-402b-aeb3-1c562dbb3088"/>
      <TestMethod codeBase="src\App.test.js" name="testing / render text in our story" className="testing"/>
    </UnitTest>
    <UnitTest name="testing / render contact us title" id="d398ffd9-918d-4597-98a8-8eeeaccf20f6" storage="src\App.test.js">
      <Execution id="fd89d9c7-74be-4d52-b96a-1c80032b8134"/>
      <TestMethod codeBase="src\App.test.js" name="testing / render contact us title" className="testing"/>
    </UnitTest>
    <UnitTest name="testing / render the mail link in contact us page" id="1f4e1c5f-8eea-4f1d-89d4-363c216b9086" storage="src\App.test.js">
      <Execution id="a41830c9-ce6b-4b09-b637-83a068bfb2f3"/>
      <TestMethod codeBase="src\App.test.js" name="testing / render the mail link in contact us page" className="testing"/>
    </UnitTest>
    <UnitTest name="testing / render contact us team number" id="da1ebdbf-1ae6-4164-92ee-c723212855be" storage="src\App.test.js">
      <Execution id="7e84a6a6-690b-4855-9c37-cfa16aa531d2"/>
      <TestMethod codeBase="src\App.test.js" name="testing / render contact us team number" className="testing"/>
    </UnitTest>
    <UnitTest name="testing / render contact us team header" id="d524e54e-a911-4e5b-b11a-5896259c64d7" storage="src\App.test.js">
      <Execution id="30e915c2-e61f-4f99-91be-616d465003e0"/>
      <TestMethod codeBase="src\App.test.js" name="testing / render contact us team header" className="testing"/>
    </UnitTest>
    <UnitTest name="testing / render team member --- veeramma" id="1f0ef646-e14f-43c1-979c-e292df669f08" storage="src\App.test.js">
      <Execution id="c9793f61-6720-4d2a-a5f2-847e7b73515c"/>
      <TestMethod codeBase="src\App.test.js" name="testing / render team member --- veeramma" className="testing"/>
    </UnitTest>
    <UnitTest name="testing / render team member --- Sahith" id="87993420-b291-406d-8a06-8b56544c376f" storage="src\App.test.js">
      <Execution id="64365bdb-9b97-4b5d-8ebc-7c36cae4ba59"/>
      <TestMethod codeBase="src\App.test.js" name="testing / render team member --- Sahith" className="testing"/>
    </UnitTest>
    <UnitTest name="testing / render the ABOUT THE APP title" id="55a2af64-a164-4b65-a71a-0475f35d5263" storage="src\App.test.js">
      <Execution id="80a59c72-3b4e-4a45-8c09-17ebcbf28096"/>
      <TestMethod codeBase="src\App.test.js" name="testing / render the ABOUT THE APP title" className="testing"/>
    </UnitTest>
    <UnitTest name="testing / render the ABOUT THE APP title" id="2166b6e4-d186-4067-8190-2c046db518ab" storage="src\App.test.js">
      <Execution id="179701fc-f1a1-4c3a-94a8-9191ffff67c6"/>
      <TestMethod codeBase="src\App.test.js" name="testing / render the ABOUT THE APP title" className="testing"/>
    </UnitTest>
    <UnitTest name="testing / render the BeginMatching" id="74ec4e02-4f14-4625-b328-d0760a281d72" storage="src\App.test.js">
      <Execution id="84f8f914-78c8-4b15-b4a3-c3aeb08efda9"/>
      <TestMethod codeBase="src\App.test.js" name="testing / render the BeginMatching" className="testing"/>
    </UnitTest>
    <UnitTest name="testing / render BeginMatching" id="0aebb1e7-f1bf-42ed-8645-d3ac24f4d6f4" storage="src\App.test.js">
      <Execution id="10ac12a9-f05b-4e67-a043-a210ee746e53"/>
      <TestMethod codeBase="src\App.test.js" name="testing / render BeginMatching" className="testing"/>
    </UnitTest>
    <UnitTest name="testing / render BeginMatching" id="0f950196-dbeb-4da8-927e-0f4b61676749" storage="src\App.test.js">
      <Execution id="a9245085-6d13-4f47-a099-26a6bdc60dcd"/>
      <TestMethod codeBase="src\App.test.js" name="testing / render BeginMatching" className="testing"/>
    </UnitTest>
    <UnitTest name="testing / render the BeginMatching" id="bfd37d93-2232-4a5b-94e0-c6a458968e8f" storage="src\App.test.js">
      <Execution id="ec41c116-b91f-4055-ae2e-644b7a9b491b"/>
      <TestMethod codeBase="src\App.test.js" name="testing / render the BeginMatching" className="testing"/>
    </UnitTest>
    <UnitTest name="testing / render BeginMatching" id="63386683-db81-40eb-a47f-7a7d5014eb14" storage="src\App.test.js">
      <Execution id="0a7ddb1a-2e82-4545-a645-71301890fb77"/>
      <TestMethod codeBase="src\App.test.js" name="testing / render BeginMatching" className="testing"/>
    </UnitTest>
    <UnitTest name="testing / render BeginMatching" id="6159cf84-5be8-4f37-b55e-c43b7f4f5f2e" storage="src\App.test.js">
      <Execution id="bc9c5fde-a10a-4aae-8ad8-33ec9cf3c6df"/>
      <TestMethod codeBase="src\App.test.js" name="testing / render BeginMatching" className="testing"/>
    </UnitTest>
    <UnitTest name="testing / render BeginMatching" id="8887c5a3-ac96-464e-bf0f-be0175b43347" storage="src\App.test.js">
      <Execution id="6870a49b-5a74-4899-a8b4-80abeddc0788"/>
      <TestMethod codeBase="src\App.test.js" name="testing / render BeginMatching" className="testing"/>
    </UnitTest>
    <UnitTest name="testing / render BeginMatching" id="3baea311-6cea-442c-9703-fed5be075eb3" storage="src\App.test.js">
      <Execution id="f9083582-1f2f-4c78-9ffa-89d22fdb183c"/>
      <TestMethod codeBase="src\App.test.js" name="testing / render BeginMatching" className="testing"/>
    </UnitTest>
  </TestDefinitions>
  <TestLists>
    <TestList name="Results Not in a List" id="8c84fa94-04c1-424b-9868-57a2d4851a1d"/>
    <TestList name="All Loaded Results" id="19431567-8539-422a-85d7-44ee4e166bda"/>
  </TestLists>
  <TestEntries>
    <TestEntry testId="e7991d1e-4d79-4a7b-8957-aab77a8233ae" executionId="9da75a46-0020-4089-a9cf-7618c27258f9" testListId="8c84fa94-04c1-424b-9868-57a2d4851a1d"/>
    <TestEntry testId="5769c3cf-ef8f-45f5-8d51-0e2eb68a3778" executionId="d65cfb08-8968-4212-bdbb-85222a941d1b" testListId="8c84fa94-04c1-424b-9868-57a2d4851a1d"/>
    <TestEntry testId="02d3b2c6-e98e-4481-abf2-a6eadea9bfea" executionId="08c650f7-8012-40b1-9da4-694a1ac84ffc" testListId="8c84fa94-04c1-424b-9868-57a2d4851a1d"/>
    <TestEntry testId="0ab04993-f4d6-45d7-93a2-f2e266c3a3b1" executionId="a7d805f2-f972-402b-aeb3-1c562dbb3088" testListId="8c84fa94-04c1-424b-9868-57a2d4851a1d"/>
    <TestEntry testId="d398ffd9-918d-4597-98a8-8eeeaccf20f6" executionId="fd89d9c7-74be-4d52-b96a-1c80032b8134" testListId="8c84fa94-04c1-424b-9868-57a2d4851a1d"/>
    <TestEntry testId="1f4e1c5f-8eea-4f1d-89d4-363c216b9086" executionId="a41830c9-ce6b-4b09-b637-83a068bfb2f3" testListId="8c84fa94-04c1-424b-9868-57a2d4851a1d"/>
    <TestEntry testId="da1ebdbf-1ae6-4164-92ee-c723212855be" executionId="7e84a6a6-690b-4855-9c37-cfa16aa531d2" testListId="8c84fa94-04c1-424b-9868-57a2d4851a1d"/>
    <TestEntry testId="d524e54e-a911-4e5b-b11a-5896259c64d7" executionId="30e915c2-e61f-4f99-91be-616d465003e0" testListId="8c84fa94-04c1-424b-9868-57a2d4851a1d"/>
    <TestEntry testId="1f0ef646-e14f-43c1-979c-e292df669f08" executionId="c9793f61-6720-4d2a-a5f2-847e7b73515c" testListId="8c84fa94-04c1-424b-9868-57a2d4851a1d"/>
    <TestEntry testId="87993420-b291-406d-8a06-8b56544c376f" executionId="64365bdb-9b97-4b5d-8ebc-7c36cae4ba59" testListId="8c84fa94-04c1-424b-9868-57a2d4851a1d"/>
    <TestEntry testId="55a2af64-a164-4b65-a71a-0475f35d5263" executionId="80a59c72-3b4e-4a45-8c09-17ebcbf28096" testListId="8c84fa94-04c1-424b-9868-57a2d4851a1d"/>
    <TestEntry testId="2166b6e4-d186-4067-8190-2c046db518ab" executionId="179701fc-f1a1-4c3a-94a8-9191ffff67c6" testListId="8c84fa94-04c1-424b-9868-57a2d4851a1d"/>
    <TestEntry testId="74ec4e02-4f14-4625-b328-d0760a281d72" executionId="84f8f914-78c8-4b15-b4a3-c3aeb08efda9" testListId="8c84fa94-04c1-424b-9868-57a2d4851a1d"/>
    <TestEntry testId="0aebb1e7-f1bf-42ed-8645-d3ac24f4d6f4" executionId="10ac12a9-f05b-4e67-a043-a210ee746e53" testListId="8c84fa94-04c1-424b-9868-57a2d4851a1d"/>
    <TestEntry testId="0f950196-dbeb-4da8-927e-0f4b61676749" executionId="a9245085-6d13-4f47-a099-26a6bdc60dcd" testListId="8c84fa94-04c1-424b-9868-57a2d4851a1d"/>
    <TestEntry testId="bfd37d93-2232-4a5b-94e0-c6a458968e8f" executionId="ec41c116-b91f-4055-ae2e-644b7a9b491b" testListId="8c84fa94-04c1-424b-9868-57a2d4851a1d"/>
    <TestEntry testId="63386683-db81-40eb-a47f-7a7d5014eb14" executionId="0a7ddb1a-2e82-4545-a645-71301890fb77" testListId="8c84fa94-04c1-424b-9868-57a2d4851a1d"/>
    <TestEntry testId="6159cf84-5be8-4f37-b55e-c43b7f4f5f2e" executionId="bc9c5fde-a10a-4aae-8ad8-33ec9cf3c6df" testListId="8c84fa94-04c1-424b-9868-57a2d4851a1d"/>
    <TestEntry testId="8887c5a3-ac96-464e-bf0f-be0175b43347" executionId="6870a49b-5a74-4899-a8b4-80abeddc0788" testListId="8c84fa94-04c1-424b-9868-57a2d4851a1d"/>
    <TestEntry testId="3baea311-6cea-442c-9703-fed5be075eb3" executionId="f9083582-1f2f-4c78-9ffa-89d22fdb183c" testListId="8c84fa94-04c1-424b-9868-57a2d4851a1d"/>
  </TestEntries>
  <Results>
    <UnitTestResult testId="e7991d1e-4d79-4a7b-8957-aab77a8233ae" executionId="9da75a46-0020-4089-a9cf-7618c27258f9" testName="testing / render the ABOUT THE APP title" computerName="DESKTOP-L3A0BED" duration="00:00:00.336" startTime="2023-04-05T23:59:11.509Z" endTime="2023-04-05T23:59:11.845Z" testType="13cdc9d9-ddb5-4fa4-a97d-d965ccfc6d4b" outcome="Passed" testListId="8c84fa94-04c1-424b-9868-57a2d4851a1d"/>
    <UnitTestResult testId="5769c3cf-ef8f-45f5-8d51-0e2eb68a3778" executionId="d65cfb08-8968-4212-bdbb-85222a941d1b" testName="testing / render the ABOUT THE APP title" computerName="DESKTOP-L3A0BED" duration="00:00:00.336" startTime="2023-04-05T23:59:11.845Z" endTime="2023-04-05T23:59:12.181Z" testType="13cdc9d9-ddb5-4fa4-a97d-d965ccfc6d4b" outcome="Passed" testListId="8c84fa94-04c1-424b-9868-57a2d4851a1d"/>
    <UnitTestResult testId="02d3b2c6-e98e-4481-abf2-a6eadea9bfea" executionId="08c650f7-8012-40b1-9da4-694a1ac84ffc" testName="testing / render the ABOUT THE APP title" computerName="DESKTOP-L3A0BED" duration="00:00:00.336" startTime="2023-04-05T23:59:12.181Z" endTime="2023-04-05T23:59:12.517Z" testType="13cdc9d9-ddb5-4fa4-a97d-d965ccfc6d4b" outcome="Passed" testListId="8c84fa94-04c1-424b-9868-57a2d4851a1d"/>
    <UnitTestResult testId="0ab04993-f4d6-45d7-93a2-f2e266c3a3b1" executionId="a7d805f2-f972-402b-aeb3-1c562dbb3088" testName="testing / render text in our story" computerName="DESKTOP-L3A0BED" duration="00:00:00.336" startTime="2023-04-05T23:59:12.517Z" endTime="2023-04-05T23:59:12.853Z" testType="13cdc9d9-ddb5-4fa4-a97d-d965ccfc6d4b" outcome="Passed" testListId="8c84fa94-04c1-424b-9868-57a2d4851a1d"/>
    <UnitTestResult testId="d398ffd9-918d-4597-98a8-8eeeaccf20f6" executionId="fd89d9c7-74be-4d52-b96a-1c80032b8134" testName="testing / render contact us title" computerName="DESKTOP-L3A0BED" duration="00:00:00.336" startTime="2023-04-05T23:59:12.853Z" endTime="2023-04-05T23:59:13.189Z" testType="13cdc9d9-ddb5-4fa4-a97d-d965ccfc6d4b" outcome="Passed" testListId="8c84fa94-04c1-424b-9868-57a2d4851a1d"/>
    <UnitTestResult testId="1f4e1c5f-8eea-4f1d-89d4-363c216b9086" executionId="a41830c9-ce6b-4b09-b637-83a068bfb2f3" testName="testing / render the mail link in contact us page" computerName="DESKTOP-L3A0BED" duration="00:00:00.336" startTime="2023-04-05T23:59:13.189Z" endTime="2023-04-05T23:59:13.525Z" testType="13cdc9d9-ddb5-4fa4-a97d-d965ccfc6d4b" outcome="Passed" testListId="8c84fa94-04c1-424b-9868-57a2d4851a1d"/>
    <UnitTestResult testId="da1ebdbf-1ae6-4164-92ee-c723212855be" executionId="7e84a6a6-690b-4855-9c37-cfa16aa531d2" testName="testing / render contact us team number" computerName="DESKTOP-L3A0BED" duration="00:00:00.336" startTime="2023-04-05T23:59:13.525Z" endTime="2023-04-05T23:59:13.861Z" testType="13cdc9d9-ddb5-4fa4-a97d-d965ccfc6d4b" outcome="Passed" testListId="8c84fa94-04c1-424b-9868-57a2d4851a1d"/>
    <UnitTestResult testId="d524e54e-a911-4e5b-b11a-5896259c64d7" executionId="30e915c2-e61f-4f99-91be-616d465003e0" testName="testing / render contact us team header" computerName="DESKTOP-L3A0BED" duration="00:00:00.336" startTime="2023-04-05T23:59:13.861Z" endTime="2023-04-05T23:59:14.197Z" testType="13cdc9d9-ddb5-4fa4-a97d-d965ccfc6d4b" outcome="Passed" testListId="8c84fa94-04c1-424b-9868-57a2d4851a1d"/>
    <UnitTestResult testId="1f0ef646-e14f-43c1-979c-e292df669f08" executionId="c9793f61-6720-4d2a-a5f2-847e7b73515c" testName="testing / render team member --- veeramma" computerName="DESKTOP-L3A0BED" duration="00:00:00.336" startTime="2023-04-05T23:59:14.197Z" endTime="2023-04-05T23:59:14.533Z" testType="13cdc9d9-ddb5-4fa4-a97d-d965ccfc6d4b" outcome="Passed" testListId="8c84fa94-04c1-424b-9868-57a2d4851a1d"/>
    <UnitTestResult testId="87993420-b291-406d-8a06-8b56544c376f" executionId="64365bdb-9b97-4b5d-8ebc-7c36cae4ba59" testName="testing / render team member --- Sahith" computerName="DESKTOP-L3A0BED" duration="00:00:00.336" startTime="2023-04-05T23:59:14.533Z" endTime="2023-04-05T23:59:14.869Z" testType="13cdc9d9-ddb5-4fa4-a97d-d965ccfc6d4b" outcome="Passed" testListId="8c84fa94-04c1-424b-9868-57a2d4851a1d"/>
    <UnitTestResult testId="55a2af64-a164-4b65-a71a-0475f35d5263" executionId="80a59c72-3b4e-4a45-8c09-17ebcbf28096" testName="testing / render the ABOUT THE APP title" computerName="DESKTOP-L3A0BED" duration="00:00:00.336" startTime="2023-04-05T23:59:14.869Z" endTime="2023-04-05T23:59:15.205Z" testType="13cdc9d9-ddb5-4fa4-a97d-d965ccfc6d4b" outcome="Passed" testListId="8c84fa94-04c1-424b-9868-57a2d4851a1d"/>
    <UnitTestResult testId="2166b6e4-d186-4067-8190-2c046db518ab" executionId="179701fc-f1a1-4c3a-94a8-9191ffff67c6" testName="testing / render the ABOUT THE APP title" computerName="DESKTOP-L3A0BED" duration="00:00:00.336" startTime="2023-04-05T23:59:15.205Z" endTime="2023-04-05T23:59:15.541Z" testType="13cdc9d9-ddb5-4fa4-a97d-d965ccfc6d4b" outcome="Passed" testListId="8c84fa94-04c1-424b-9868-57a2d4851a1d"/>
    <UnitTestResult testId="74ec4e02-4f14-4625-b328-d0760a281d72" executionId="84f8f914-78c8-4b15-b4a3-c3aeb08efda9" testName="testing / render the BeginMatching" computerName="DESKTOP-L3A0BED" duration="00:00:00.336" startTime="2023-04-05T23:59:15.541Z" endTime="2023-04-05T23:59:15.877Z" testType="13cdc9d9-ddb5-4fa4-a97d-d965ccfc6d4b" outcome="Passed" testListId="8c84fa94-04c1-424b-9868-57a2d4851a1d"/>
    <UnitTestResult testId="0aebb1e7-f1bf-42ed-8645-d3ac24f4d6f4" executionId="10ac12a9-f05b-4e67-a043-a210ee746e53" testName="testing / render BeginMatching" computerName="DESKTOP-L3A0BED" duration="00:00:00.336" startTime="2023-04-05T23:59:15.877Z" endTime="2023-04-05T23:59:16.213Z" testType="13cdc9d9-ddb5-4fa4-a97d-d965ccfc6d4b" outcome="Passed" testListId="8c84fa94-04c1-424b-9868-57a2d4851a1d"/>
    <UnitTestResult testId="0f950196-dbeb-4da8-927e-0f4b61676749" executionId="a9245085-6d13-4f47-a099-26a6bdc60dcd" testName="testing / render BeginMatching" computerName="DESKTOP-L3A0BED" duration="00:00:00.336" startTime="2023-04-05T23:59:16.213Z" endTime="2023-04-05T23:59:16.549Z" testType="13cdc9d9-ddb5-4fa4-a97d-d965ccfc6d4b" outcome="Passed" testListId="8c84fa94-04c1-424b-9868-57a2d4851a1d"/>
    <UnitTestResult testId="bfd37d93-2232-4a5b-94e0-c6a458968e8f" executionId="ec41c116-b91f-4055-ae2e-644b7a9b491b" testName="testing / render the BeginMatching" computerName="DESKTOP-L3A0BED" duration="00:00:00.336" startTime="2023-04-05T23:59:16.549Z" endTime="2023-04-05T23:59:16.885Z" testType="13cdc9d9-ddb5-4fa4-a97d-d965ccfc6d4b" outcome="Passed" testListId="8c84fa94-04c1-424b-9868-57a2d4851a1d"/>
    <UnitTestResult testId="63386683-db81-40eb-a47f-7a7d5014eb14" executionId="0a7ddb1a-2e82-4545-a645-71301890fb77" testName="testing / render BeginMatching" computerName="DESKTOP-L3A0BED" duration="00:00:00.336" startTime="2023-04-05T23:59:16.885Z" endTime="2023-04-05T23:59:17.221Z" testType="13cdc9d9-ddb5-4fa4-a97d-d965ccfc6d4b" outcome="Passed" testListId="8c84fa94-04c1-424b-9868-57a2d4851a1d"/>
    <UnitTestResult testId="6159cf84-5be8-4f37-b55e-c43b7f4f5f2e" executionId="bc9c5fde-a10a-4aae-8ad8-33ec9cf3c6df" testName="testing / render BeginMatching" computerName="DESKTOP-L3A0BED" duration="00:00:00.336" startTime="2023-04-05T23:59:17.221Z" endTime="2023-04-05T23:59:17.557Z" testType="13cdc9d9-ddb5-4fa4-a97d-d965ccfc6d4b" outcome="Passed" testListId="8c84fa94-04c1-424b-9868-57a2d4851a1d"/>
    <UnitTestResult testId="8887c5a3-ac96-464e-bf0f-be0175b43347" executionId="6870a49b-5a74-4899-a8b4-80abeddc0788" testName="testing / render BeginMatching" computerName="DESKTOP-L3A0BED" duration="00:00:00.336" startTime="2023-04-05T23:59:17.557Z" endTime="2023-04-05T23:59:17.893Z" testType="13cdc9d9-ddb5-4fa4-a97d-d965ccfc6d4b" outcome="Passed" testListId="8c84fa94-04c1-424b-9868-57a2d4851a1d"/>
    <UnitTestResult testId="3baea311-6cea-442c-9703-fed5be075eb3" executionId="f9083582-1f2f-4c78-9ffa-89d22fdb183c" testName="testing / render BeginMatching" computerName="DESKTOP-L3A0BED" duration="00:00:00.336" startTime="2023-04-05T23:59:17.893Z" endTime="2023-04-05T23:59:18.229Z" testType="13cdc9d9-ddb5-4fa4-a97d-d965ccfc6d4b" outcome="Passed" testListId="8c84fa94-04c1-424b-9868-57a2d4851a1d"/>
  </Results>
</TestRun>